{"level":"info","message":"::1 - - [31/Mar/2026:09:20:30 +0000] \"GET /health HTTP/1.1\" 304 - \"-\" \"Mozilla/5.0 (Macintosh; Intel Mac OS X 10_15_7) AppleWebKit/537.36 (KHTML, like Gecko) Chrome/146.0.0.0 Safari/537.36\"","timestamp":"2026-03-31T09:20:30.941Z"}
{"level":"info","message":"::1 - - [31/Mar/2026:09:20:31 +0000] \"GET /health HTTP/1.1\" 304 - \"-\" \"Mozilla/5.0 (Macintosh; Intel Mac OS X 10_15_7) AppleWebKit/537.36 (KHTML, like Gecko) Chrome/146.0.0.0 Safari/537.36\"","timestamp":"2026-03-31T09:20:31.733Z"}
{"level":"info","message":"::1 - - [31/Mar/2026:09:20:32 +0000] \"GET /health HTTP/1.1\" 304 - \"-\" \"Mozilla/5.0 (Macintosh; Intel Mac OS X 10_15_7) AppleWebKit/537.36 (KHTML, like Gecko) Chrome/146.0.0.0 Safari/537.36\"","timestamp":"2026-03-31T09:20:32.280Z"}
{"level":"info","message":"::1 - - [31/Mar/2026:09:20:32 +0000] \"GET /health HTTP/1.1\" 304 - \"-\" \"Mozilla/5.0 (Macintosh; Intel Mac OS X 10_15_7) AppleWebKit/537.36 (KHTML, like Gecko) Chrome/146.0.0.0 Safari/537.36\"","timestamp":"2026-03-31T09:20:32.932Z"}
{"level":"info","message":"::1 - - [31/Mar/2026:09:21:17 +0000] \"GET /health HTTP/1.1\" 304 - \"-\" \"Mozilla/5.0 (Macintosh; Intel Mac OS X 10_15_7) AppleWebKit/537.36 (KHTML, like Gecko) Chrome/146.0.0.0 Safari/537.36\"","timestamp":"2026-03-31T09:21:17.275Z"}
{"level":"info","message":"::1 - - [31/Mar/2026:09:22:40 +0000] \"GET /health HTTP/1.1\" 304 - \"-\" \"Mozilla/5.0 (Macintosh; Intel Mac OS X 10_15_7) AppleWebKit/537.36 (KHTML, like Gecko) Chrome/146.0.0.0 Safari/537.36\"","timestamp":"2026-03-31T09:22:40.210Z"}
{"level":"info","message":"::1 - - [31/Mar/2026:09:26:10 +0000] \"GET /users HTTP/1.1\" 200 50 \"-\" \"Mozilla/5.0 (Macintosh; Intel Mac OS X 10_15_7) AppleWebKit/537.36 (KHTML, like Gecko) Chrome/146.0.0.0 Safari/537.36\"","span_id":"91492676efece986","timestamp":"2026-03-31T09:26:10.785Z","trace_flags":"01","trace_id":"d7daeb5255b1badbacedb25dd794445d"}
{"level":"info","message":"::1 - - [31/Mar/2026:09:26:30 +0000] \"GET /orders HTTP/1.1\" 404 145 \"-\" \"Mozilla/5.0 (Macintosh; Intel Mac OS X 10_15_7) AppleWebKit/537.36 (KHTML, like Gecko) Chrome/146.0.0.0 Safari/537.36\"","span_id":"cdb80a980a985d2c","timestamp":"2026-03-31T09:26:30.639Z","trace_flags":"01","trace_id":"bc6c9af6d845ecddc53d2542001b363a"}
{"level":"info","message":"Order created for item: Laptop","span_id":"3a9e8eac52c94dc2","timestamp":"2026-03-31T09:28:53.671Z","trace_flags":"01","trace_id":"aa624776fb67d7a250b6300387849658"}
{"level":"info","message":"::1 - - [31/Mar/2026:09:28:53 +0000] \"POST /orders HTTP/1.1\" 201 65 \"-\" \"PostmanRuntime/7.52.0\"","span_id":"9152a2b48038b8c7","timestamp":"2026-03-31T09:28:53.675Z","trace_flags":"01","trace_id":"aa624776fb67d7a250b6300387849658"}
{"level":"info","message":"::1 - - [31/Mar/2026:09:29:13 +0000] \"POST /users HTTP/1.1\" 404 145 \"-\" \"PostmanRuntime/7.52.0\"","span_id":"329a5e0cdd0a42ef","timestamp":"2026-03-31T09:29:13.805Z","trace_flags":"01","trace_id":"a9992a8ce31f3b2fd1230d375998d2d7"}
{"level":"info","message":"::1 - - [31/Mar/2026:09:29:35 +0000] \"POST /users HTTP/1.1\" 404 145 \"-\" \"PostmanRuntime/7.52.0\"","span_id":"232e4100ee2b19c2","timestamp":"2026-03-31T09:29:35.492Z","trace_flags":"01","trace_id":"73763f7cc5e2d8b16c7f3bb5088e9342"}
{"level":"info","message":"::1 - - [31/Mar/2026:09:29:36 +0000] \"POST /users HTTP/1.1\" 404 145 \"-\" \"PostmanRuntime/7.52.0\"","span_id":"2d9a13747103fea9","timestamp":"2026-03-31T09:29:36.812Z","trace_flags":"01","trace_id":"3131b6dbd9edf533736a4d37422f15d1"}
{"level":"info","message":"::1 - - [31/Mar/2026:09:30:18 +0000] \"POST /users HTTP/1.1\" 404 145 \"-\" \"PostmanRuntime/7.52.0\"","span_id":"f62deaa0833edabc","timestamp":"2026-03-31T09:30:18.555Z","trace_flags":"01","trace_id":"863159e6aaf2b75f87cdf75677fa3cb5"}
{"level":"info","message":"::1 - - [31/Mar/2026:09:30:47 +0000] \"POST /users HTTP/1.1\" 404 145 \"-\" \"PostmanRuntime/7.52.0\"","span_id":"c5ddc8a5f096f260","timestamp":"2026-03-31T09:30:47.102Z","trace_flags":"01","trace_id":"8328556c399f86948a747861a00d4e27"}
{"level":"info","message":"::1 - - [31/Mar/2026:09:31:29 +0000] \"GET /users HTTP/1.1\" 200 50 \"-\" \"PostmanRuntime/7.52.0\"","span_id":"701bf896f942e958","timestamp":"2026-03-31T09:31:29.263Z","trace_flags":"01","trace_id":"8609b81eb1be9d9d4dd1eef4e0ce4039"}
{"level":"info","message":"::1 - - [31/Mar/2026:09:34:13 +0000] \"GET /users HTTP/1.1\" 200 50 \"-\" \"PostmanRuntime/7.52.0\"","span_id":"7c3b0c7c0e9a4f59","timestamp":"2026-03-31T09:34:13.568Z","trace_flags":"01","trace_id":"48ad6274c388490b45a40f9da2110648"}
{"level":"info","message":"::1 - - [31/Mar/2026:09:34:14 +0000] \"GET /users HTTP/1.1\" 200 50 \"-\" \"PostmanRuntime/7.52.0\"","span_id":"2a9f9536d5047c5e","timestamp":"2026-03-31T09:34:14.643Z","trace_flags":"01","trace_id":"eaa26c2a08ca126e8aa8b6d1813afc06"}
{"level":"info","message":"::1 - - [31/Mar/2026:09:34:25 +0000] \"POST /oders HTTP/1.1\" 404 145 \"-\" \"PostmanRuntime/7.52.0\"","span_id":"f57a0e4d27f03e9e","timestamp":"2026-03-31T09:34:25.082Z","trace_flags":"01","trace_id":"22e6e9e04d2f2e90af207f818e73d4d8"}
{"level":"info","message":"::1 - - [31/Mar/2026:09:34:47 +0000] \"GET /users HTTP/1.1\" 304 - \"-\" \"Mozilla/5.0 (Macintosh; Intel Mac OS X 10_15_7) AppleWebKit/537.36 (KHTML, like Gecko) Chrome/146.0.0.0 Safari/537.36\"","span_id":"4fecb0c03b573cd8","timestamp":"2026-03-31T09:34:47.511Z","trace_flags":"01","trace_id":"1691d0c4a8a6b70aeacbbaa98f89bf9b"}
{"level":"info","message":"::1 - - [31/Mar/2026:09:36:01 +0000] \"POST /oders HTTP/1.1\" 404 145 \"-\" \"PostmanRuntime/7.52.0\"","span_id":"62f853bfcfc8a6ea","timestamp":"2026-03-31T09:36:01.136Z","trace_flags":"01","trace_id":"62b86b9fb2c84c3f92bfb485e1999b83"}
{"level":"info","message":"::1 - - [31/Mar/2026:09:36:02 +0000] \"POST /oders HTTP/1.1\" 404 145 \"-\" \"PostmanRuntime/7.52.0\"","span_id":"8072de3500277f37","timestamp":"2026-03-31T09:36:02.142Z","trace_flags":"01","trace_id":"00fd6701ddfb07baa87474eac4418d63"}
{"level":"info","message":"::1 - - [31/Mar/2026:09:36:12 +0000] \"GET /users HTTP/1.1\" 200 50 \"-\" \"PostmanRuntime/7.52.0\"","span_id":"034b807876e26cc3","timestamp":"2026-03-31T09:36:12.435Z","trace_flags":"01","trace_id":"c6821f66d88eced17880cacd281e3d10"}
{"level":"error","message":"Item is missing in request body","span_id":"50b1ea2f9bf2e58f","timestamp":"2026-03-31T09:36:24.932Z","trace_flags":"01","trace_id":"a7614acfb42c1a7306c3c02b350f5b0f"}
{"level":"info","message":"::1 - - [31/Mar/2026:09:36:24 +0000] \"POST /orders HTTP/1.1\" 400 28 \"-\" \"PostmanRuntime/7.52.0\"","span_id":"ea15eb4d2a82a4e0","timestamp":"2026-03-31T09:36:24.933Z","trace_flags":"01","trace_id":"a7614acfb42c1a7306c3c02b350f5b0f"}
{"level":"error","message":"Item is missing in request body","span_id":"935e30bf57d90c7b","timestamp":"2026-03-31T09:37:26.366Z","trace_flags":"01","trace_id":"21bfe8db27fe52a04bfaf29b465dcc54"}
{"level":"info","message":"::1 - - [31/Mar/2026:09:37:26 +0000] \"POST /orders HTTP/1.1\" 400 28 \"-\" \"PostmanRuntime/7.52.0\"","span_id":"1a4d5a48565c8499","timestamp":"2026-03-31T09:37:26.368Z","trace_flags":"01","trace_id":"21bfe8db27fe52a04bfaf29b465dcc54"}
{"level":"error","message":"Item is missing in request body","span_id":"6509c608e34c09ee","timestamp":"2026-03-31T09:37:27.677Z","trace_flags":"01","trace_id":"8de225fc73eb92574137097e7cde309c"}
{"level":"info","message":"::1 - - [31/Mar/2026:09:37:27 +0000] \"POST /orders HTTP/1.1\" 400 28 \"-\" \"PostmanRuntime/7.52.0\"","span_id":"a64918c5d593dc48","timestamp":"2026-03-31T09:37:27.678Z","trace_flags":"01","trace_id":"8de225fc73eb92574137097e7cde309c"}
{"level":"error","message":"Item is missing in request body","span_id":"7ebe1f20e597e896","timestamp":"2026-03-31T09:37:45.634Z","trace_flags":"01","trace_id":"6ac755ca895f4973c401284fbab9b5ef"}
{"level":"info","message":"::1 - - [31/Mar/2026:09:37:45 +0000] \"POST /orders HTTP/1.1\" 400 28 \"-\" \"PostmanRuntime/7.52.0\"","span_id":"d5d42f1d5a7dfe14","timestamp":"2026-03-31T09:37:45.635Z","trace_flags":"01","trace_id":"6ac755ca895f4973c401284fbab9b5ef"}
{"level":"error","message":"Item is missing in request body","span_id":"99d44387c893ad04","timestamp":"2026-03-31T09:37:46.405Z","trace_flags":"01","trace_id":"4e9bb252f7a70602c75cecfcf66b498d"}
{"level":"info","message":"::1 - - [31/Mar/2026:09:37:46 +0000] \"POST /orders HTTP/1.1\" 400 28 \"-\" \"PostmanRuntime/7.52.0\"","span_id":"dff1d689b8720104","timestamp":"2026-03-31T09:37:46.406Z","trace_flags":"01","trace_id":"4e9bb252f7a70602c75cecfcf66b498d"}
{"level":"info","message":"Order created for item: Laptop","span_id":"430f29fe642fa69b","timestamp":"2026-03-31T09:38:49.877Z","trace_flags":"01","trace_id":"5226ca30e55e5f4f32c81b0bdcbe7816"}
{"level":"info","message":"::1 - - [31/Mar/2026:09:38:49 +0000] \"POST /orders HTTP/1.1\" 201 65 \"-\" \"PostmanRuntime/7.52.0\"","span_id":"5ae2bbb710d555f0","timestamp":"2026-03-31T09:38:49.881Z","trace_flags":"01","trace_id":"5226ca30e55e5f4f32c81b0bdcbe7816"}
{"level":"info","message":"Order created for item: Laptop","span_id":"9bc6ed906607e29c","timestamp":"2026-03-31T10:00:43.101Z","trace_flags":"01","trace_id":"9ff0c036abdd7541dc9a7fd19740bdc0"}
{"level":"info","message":"::1 - - [31/Mar/2026:10:00:43 +0000] \"POST /orders HTTP/1.1\" 201 65 \"-\" \"PostmanRuntime/7.52.0\"","span_id":"101fde6f94b7626e","timestamp":"2026-03-31T10:00:43.116Z","trace_flags":"01","trace_id":"9ff0c036abdd7541dc9a7fd19740bdc0"}
{"level":"info","message":"::1 - - [31/Mar/2026:10:01:07 +0000] \"GET /users HTTP/1.1\" 200 50 \"-\" \"PostmanRuntime/7.52.0\"","span_id":"2cd167b72bf735c6","timestamp":"2026-03-31T10:01:07.115Z","trace_flags":"01","trace_id":"9a3fc13ab6bc2c0e205d7819e1e168ee"}
{"level":"info","message":"::1 - - [31/Mar/2026:10:01:08 +0000] \"GET /users HTTP/1.1\" 200 50 \"-\" \"PostmanRuntime/7.52.0\"","span_id":"9cde743375afaedd","timestamp":"2026-03-31T10:01:08.907Z","trace_flags":"01","trace_id":"c7c4645d3eb61f19fbb17e056ab5b15f"}
{"level":"info","message":"::1 - - [31/Mar/2026:10:01:09 +0000] \"GET /users HTTP/1.1\" 200 50 \"-\" \"PostmanRuntime/7.52.0\"","span_id":"37a0e76fc3b1da91","timestamp":"2026-03-31T10:01:09.840Z","trace_flags":"01","trace_id":"83dc5cefda202b342d01cce994316ec6"}
{"level":"info","message":"::1 - - [31/Mar/2026:10:01:10 +0000] \"GET /users HTTP/1.1\" 200 50 \"-\" \"PostmanRuntime/7.52.0\"","span_id":"1add2636e82bc6a0","timestamp":"2026-03-31T10:01:10.654Z","trace_flags":"01","trace_id":"c3d0ea62f656dfbb2fbd2834105f0393"}
{"level":"info","message":"::1 - - [31/Mar/2026:10:01:11 +0000] \"GET /users HTTP/1.1\" 200 50 \"-\" \"PostmanRuntime/7.52.0\"","span_id":"8f4557612f914889","timestamp":"2026-03-31T10:01:11.442Z","trace_flags":"01","trace_id":"37384d2ffbafb7c62f5e31c71759e587"}
{"level":"info","message":"::1 - - [31/Mar/2026:10:01:12 +0000] \"GET /users HTTP/1.1\" 200 50 \"-\" \"PostmanRuntime/7.52.0\"","span_id":"8e3fb0980052dd8e","timestamp":"2026-03-31T10:01:12.171Z","trace_flags":"01","trace_id":"896ef60e59a207a1ff491a5f5f8b6bf2"}
{"level":"info","message":"::1 - - [31/Mar/2026:10:01:12 +0000] \"GET /users HTTP/1.1\" 200 50 \"-\" \"PostmanRuntime/7.52.0\"","span_id":"018079a23fe0ea98","timestamp":"2026-03-31T10:01:12.901Z","trace_flags":"01","trace_id":"8c6e7f64198acd54b57222414ab4f7cc"}
{"level":"info","message":"Order created for item: Laptop","span_id":"0da7eab03b52e14a","timestamp":"2026-03-31T10:01:21.772Z","trace_flags":"01","trace_id":"1196a5431908d2f104b6f0182b4d686d"}
{"level":"info","message":"::1 - - [31/Mar/2026:10:01:21 +0000] \"POST /orders HTTP/1.1\" 201 65 \"-\" \"PostmanRuntime/7.52.0\"","span_id":"c06c9d4570455312","timestamp":"2026-03-31T10:01:21.773Z","trace_flags":"01","trace_id":"1196a5431908d2f104b6f0182b4d686d"}
{"level":"info","message":"Order created for item: Laptop","span_id":"8d311b6a3b0d95c7","timestamp":"2026-03-31T10:01:22.687Z","trace_flags":"01","trace_id":"c378e9a634d1ae343afbe59a0c5ed404"}
{"level":"info","message":"::1 - - [31/Mar/2026:10:01:22 +0000] \"POST /orders HTTP/1.1\" 201 65 \"-\" \"PostmanRuntime/7.52.0\"","span_id":"fd9acf96ed880056","timestamp":"2026-03-31T10:01:22.688Z","trace_flags":"01","trace_id":"c378e9a634d1ae343afbe59a0c5ed404"}
{"level":"info","message":"Order created for item: Laptop","span_id":"9ae1ef0430cea6d2","timestamp":"2026-03-31T10:01:23.329Z","trace_flags":"01","trace_id":"559eb817d908568b6489c7d0c5f856f0"}
{"level":"info","message":"::1 - - [31/Mar/2026:10:01:23 +0000] \"POST /orders HTTP/1.1\" 201 65 \"-\" \"PostmanRuntime/7.52.0\"","span_id":"97436a42c9600eca","timestamp":"2026-03-31T10:01:23.330Z","trace_flags":"01","trace_id":"559eb817d908568b6489c7d0c5f856f0"}
{"level":"info","message":"Order created for item: Laptop","span_id":"d4b5f5eb235f6e66","timestamp":"2026-03-31T10:01:23.803Z","trace_flags":"01","trace_id":"e0593202fb02ab1c054b703c1197c5df"}
{"level":"info","message":"::1 - - [31/Mar/2026:10:01:23 +0000] \"POST /orders HTTP/1.1\" 201 65 \"-\" \"PostmanRuntime/7.52.0\"","span_id":"744f73bc953849a3","timestamp":"2026-03-31T10:01:23.804Z","trace_flags":"01","trace_id":"e0593202fb02ab1c054b703c1197c5df"}
{"level":"info","message":"Order created for item: Laptop","span_id":"2b345592d64b7c34","timestamp":"2026-03-31T10:11:08.641Z","trace_flags":"01","trace_id":"6af059e1e6ff638fea762ccc9a9eb32c"}
{"level":"info","message":"::1 - - [31/Mar/2026:10:11:08 +0000] \"POST /orders HTTP/1.1\" 201 65 \"-\" \"PostmanRuntime/7.52.0\"","span_id":"d1bed6ed4bf6caad","timestamp":"2026-03-31T10:11:08.657Z","trace_flags":"01","trace_id":"6af059e1e6ff638fea762ccc9a9eb32c"}
{"level":"info","message":"Order created for item: Laptop","span_id":"16bbc7c4dc08bdd5","timestamp":"2026-03-31T10:11:10.413Z","trace_flags":"01","trace_id":"678b7b494dcd308a0780765b7a3f6060"}
{"level":"info","message":"::1 - - [31/Mar/2026:10:11:10 +0000] \"POST /orders HTTP/1.1\" 201 65 \"-\" \"PostmanRuntime/7.52.0\"","span_id":"ac5be7056f1697fe","timestamp":"2026-03-31T10:11:10.415Z","trace_flags":"01","trace_id":"678b7b494dcd308a0780765b7a3f6060"}
{"level":"info","message":"Order created for item: Laptop","span_id":"91cfbcc678641204","timestamp":"2026-03-31T10:11:10.866Z","trace_flags":"01","trace_id":"38d5838c1f904ce4e169378c55760357"}
{"level":"info","message":"::1 - - [31/Mar/2026:10:11:10 +0000] \"POST /orders HTTP/1.1\" 201 65 \"-\" \"PostmanRuntime/7.52.0\"","span_id":"abd6d4c255007845","timestamp":"2026-03-31T10:11:10.867Z","trace_flags":"01","trace_id":"38d5838c1f904ce4e169378c55760357"}
{"level":"info","message":"Order created for item: Laptop","span_id":"a7e7e43014b66657","timestamp":"2026-03-31T10:11:11.376Z","trace_flags":"01","trace_id":"0b6b5a96b7cd0c61c82dc0e956769453"}
{"level":"info","message":"::1 - - [31/Mar/2026:10:11:11 +0000] \"POST /orders HTTP/1.1\" 201 65 \"-\" \"PostmanRuntime/7.52.0\"","span_id":"0017f7d38c4f50ae","timestamp":"2026-03-31T10:11:11.377Z","trace_flags":"01","trace_id":"0b6b5a96b7cd0c61c82dc0e956769453"}
{"level":"info","message":"Order created for item: Laptop","span_id":"451341daaacbf721","timestamp":"2026-03-31T10:11:11.909Z","trace_flags":"01","trace_id":"b6e444983eb1edcd6f16f7ce668aec6e"}
{"level":"info","message":"::1 - - [31/Mar/2026:10:11:11 +0000] \"POST /orders HTTP/1.1\" 201 65 \"-\" \"PostmanRuntime/7.52.0\"","span_id":"9460c7806ed1ad74","timestamp":"2026-03-31T10:11:11.911Z","trace_flags":"01","trace_id":"b6e444983eb1edcd6f16f7ce668aec6e"}
{"level":"info","message":"::1 - - [31/Mar/2026:10:11:20 +0000] \"GET /users HTTP/1.1\" 200 50 \"-\" \"PostmanRuntime/7.52.0\"","span_id":"0a2420271e196f4e","timestamp":"2026-03-31T10:11:20.517Z","trace_flags":"01","trace_id":"4c7b76b038daecd523de1cae47a222b9"}
{"level":"info","message":"::1 - - [31/Mar/2026:10:11:21 +0000] \"GET /users HTTP/1.1\" 200 50 \"-\" \"PostmanRuntime/7.52.0\"","span_id":"b4240d68cbc78ac1","timestamp":"2026-03-31T10:11:21.648Z","trace_flags":"01","trace_id":"87de3df002b10a9d8b85fc1d706491f2"}
{"level":"info","message":"::1 - - [31/Mar/2026:10:11:22 +0000] \"GET /users HTTP/1.1\" 200 50 \"-\" \"PostmanRuntime/7.52.0\"","span_id":"9d2f5f0b00603a1c","timestamp":"2026-03-31T10:11:22.006Z","trace_flags":"01","trace_id":"85f056317933dbf93715ed97a5201bd6"}
{"level":"info","message":"::1 - - [31/Mar/2026:10:11:22 +0000] \"GET /users HTTP/1.1\" 200 50 \"-\" \"PostmanRuntime/7.52.0\"","span_id":"eb1b0ca2e8139c30","timestamp":"2026-03-31T10:11:22.454Z","trace_flags":"01","trace_id":"2886f657961c80add60a30d1d7bc552f"}
{"level":"info","message":"::1 - - [31/Mar/2026:10:23:42 +0000] \"GET /users HTTP/1.1\" 200 50 \"-\" \"PostmanRuntime/7.52.0\"","span_id":"d5d0a716283114b9","trace_flags":"01","trace_id":"758d9b10731a545da1f4a34e6697c368"}
{"level":"info","message":"::1 - - [31/Mar/2026:10:23:43 +0000] \"GET /users HTTP/1.1\" 200 50 \"-\" \"PostmanRuntime/7.52.0\"","span_id":"de5c0d0af54c845d","trace_flags":"01","trace_id":"1a84f0634ac7834aa73ac1ee8c97aac2"}
{"level":"info","message":"::1 - - [31/Mar/2026:10:23:44 +0000] \"GET /users HTTP/1.1\" 200 50 \"-\" \"PostmanRuntime/7.52.0\"","span_id":"dcec1e3a869305d1","trace_flags":"01","trace_id":"e5ff057f6b8894114df5418775a232a7"}
{"level":"info","message":"::1 - - [31/Mar/2026:10:23:45 +0000] \"GET /users HTTP/1.1\" 200 50 \"-\" \"PostmanRuntime/7.52.0\"","span_id":"71d386e0b62a5e53","trace_flags":"01","trace_id":"9ef12cb226d1701ca7bd023f7869a9f2"}
{"level":"info","message":"::1 - - [31/Mar/2026:10:23:46 +0000] \"GET /users HTTP/1.1\" 200 50 \"-\" \"PostmanRuntime/7.52.0\"","span_id":"ee2437a1421e4a96","trace_flags":"01","trace_id":"e0dbf099d51f38efcc07d5f38be16725"}
{"level":"info","message":"::1 - - [31/Mar/2026:10:23:59 +0000] \"POST /oders HTTP/1.1\" 404 145 \"-\" \"PostmanRuntime/7.52.0\"","span_id":"cf0e96d669b7806e","trace_flags":"01","trace_id":"1f0c3373e485ed245774a759dc1482df"}
{"level":"info","message":"Order created for item: Laptop","span_id":"6441a5a303de0a05","trace_flags":"01","trace_id":"333ef9e88b085b48c5210efa80b4cf9d"}
{"level":"info","message":"::1 - - [31/Mar/2026:10:24:08 +0000] \"POST /orders HTTP/1.1\" 201 65 \"-\" \"PostmanRuntime/7.52.0\"","span_id":"db7cf23d1c31fc69","trace_flags":"01","trace_id":"333ef9e88b085b48c5210efa80b4cf9d"}
{"level":"info","message":"Order created for item: Laptop","span_id":"5fd5e4e1da00db71","trace_flags":"01","trace_id":"63a51dd17ee151f6bcd10b43a30ba6c2"}
{"level":"info","message":"::1 - - [31/Mar/2026:10:24:09 +0000] \"POST /orders HTTP/1.1\" 201 65 \"-\" \"PostmanRuntime/7.52.0\"","span_id":"6d3253f4e6635bbe","trace_flags":"01","trace_id":"63a51dd17ee151f6bcd10b43a30ba6c2"}
{"level":"info","message":"Order created for item: Laptop","span_id":"0c862a3c96dbfc20","trace_flags":"01","trace_id":"a5498e4af6ae505fc41cdd2f0a677471"}
{"level":"info","message":"::1 - - [31/Mar/2026:10:24:10 +0000] \"POST /orders HTTP/1.1\" 201 65 \"-\" \"PostmanRuntime/7.52.0\"","span_id":"fc13eaf17c37e5bd","trace_flags":"01","trace_id":"a5498e4af6ae505fc41cdd2f0a677471"}
{"level":"info","message":"Order created for item: Laptop","span_id":"54584098106d554a","trace_flags":"01","trace_id":"17b753bde74ffcb64db6797a9758f47b"}
{"level":"info","message":"::1 - - [31/Mar/2026:10:24:11 +0000] \"POST /orders HTTP/1.1\" 201 65 \"-\" \"PostmanRuntime/7.52.0\"","span_id":"629d8429ab83dc2c","trace_flags":"01","trace_id":"17b753bde74ffcb64db6797a9758f47b"}
